/*C3*/SET SCHEMA PUBLIC
alter table SOLDITEM drop constraint FK8ptlhrwxd3u5ep0msdt85aix1
alter table SOLDITEM_TO_ORDER drop constraint FK4y0u0hha7cb29qnhcwwbbpr23
alter table SOLDITEM_TO_ORDER drop constraint FK6enawylv50wt4kank6rgmia71
drop table PURCHASE if exists
drop table SOLDITEM if exists
drop table SOLDITEM_TO_ORDER if exists
drop table STOCKITEM if exists
create table PURCHASE (id bigint generated by default as identity (start with 1), DATE varchar(255), TIME varchar(255), TOTAL double, primary key (id))
create table SOLDITEM (id bigint generated by default as identity (start with 1), SOLDITEM_NAME varchar(255), SOLDITEM_PRICE double, SOLDITEM_QUANTITY integer, SOLDITEM_SUM double, STOCKITEM_ID bigint not null, primary key (id))
create table SOLDITEM_TO_ORDER (SOLDITEM_ID bigint not null, ORDER_ID bigint not null, primary key (SOLDITEM_ID, ORDER_ID))
create table STOCKITEM (id bigint generated by default as identity (start with 1), STOCKITEM_DESCRIPTION varchar(255), STOCKITEM_NAME varchar(255), STOCKITEM_PRICE double, STOCKITEM_QUANTITY integer, primary key (id))
alter table SOLDITEM add constraint FK8ptlhrwxd3u5ep0msdt85aix1 foreign key (STOCKITEM_ID) references STOCKITEM
alter table SOLDITEM_TO_ORDER add constraint FK4y0u0hha7cb29qnhcwwbbpr23 foreign key (ORDER_ID) references PURCHASE
alter table SOLDITEM_TO_ORDER add constraint FK6enawylv50wt4kank6rgmia71 foreign key (SOLDITEM_ID) references SOLDITEM
/*C4*/SET SCHEMA PUBLIC
alter table SOLDITEM drop constraint FK8ptlhrwxd3u5ep0msdt85aix1
alter table SOLDITEM_TO_ORDER drop constraint FK4y0u0hha7cb29qnhcwwbbpr23
alter table SOLDITEM_TO_ORDER drop constraint FK6enawylv50wt4kank6rgmia71
drop table PURCHASE if exists
drop table SOLDITEM if exists
drop table SOLDITEM_TO_ORDER if exists
drop table STOCKITEM if exists
create table PURCHASE (id bigint generated by default as identity (start with 1), DATE varchar(255), TIME varchar(255), TOTAL double, primary key (id))
create table SOLDITEM (id bigint generated by default as identity (start with 1), SOLDITEM_NAME varchar(255), SOLDITEM_PRICE double, SOLDITEM_QUANTITY integer, SOLDITEM_SUM double, STOCKITEM_ID bigint not null, primary key (id))
create table SOLDITEM_TO_ORDER (SOLDITEM_ID bigint not null, ORDER_ID bigint not null, primary key (SOLDITEM_ID, ORDER_ID))
create table STOCKITEM (id bigint generated by default as identity (start with 1), STOCKITEM_DESCRIPTION varchar(255), STOCKITEM_NAME varchar(255), STOCKITEM_PRICE double, STOCKITEM_QUANTITY integer, primary key (id))
alter table SOLDITEM add constraint FK8ptlhrwxd3u5ep0msdt85aix1 foreign key (STOCKITEM_ID) references STOCKITEM
alter table SOLDITEM_TO_ORDER add constraint FK4y0u0hha7cb29qnhcwwbbpr23 foreign key (ORDER_ID) references PURCHASE
alter table SOLDITEM_TO_ORDER add constraint FK6enawylv50wt4kank6rgmia71 foreign key (SOLDITEM_ID) references SOLDITEM
/*C5*/SET SCHEMA PUBLIC
alter table SOLDITEM drop constraint FK8ptlhrwxd3u5ep0msdt85aix1
alter table SOLDITEM_TO_ORDER drop constraint FK4y0u0hha7cb29qnhcwwbbpr23
alter table SOLDITEM_TO_ORDER drop constraint FK6enawylv50wt4kank6rgmia71
drop table PURCHASE if exists
drop table SOLDITEM if exists
drop table SOLDITEM_TO_ORDER if exists
drop table STOCKITEM if exists
create table PURCHASE (id bigint generated by default as identity (start with 1), DATE varchar(255), TIME varchar(255), TOTAL double, primary key (id))
create table SOLDITEM (id bigint generated by default as identity (start with 1), SOLDITEM_NAME varchar(255), SOLDITEM_PRICE double, SOLDITEM_QUANTITY integer, SOLDITEM_SUM double, STOCKITEM_ID bigint not null, primary key (id))
create table SOLDITEM_TO_ORDER (SOLDITEM_ID bigint not null, ORDER_ID bigint not null, primary key (SOLDITEM_ID, ORDER_ID))
create table STOCKITEM (id bigint generated by default as identity (start with 1), STOCKITEM_DESCRIPTION varchar(255), STOCKITEM_NAME varchar(255), STOCKITEM_PRICE double, STOCKITEM_QUANTITY integer, primary key (id))
alter table SOLDITEM add constraint FK8ptlhrwxd3u5ep0msdt85aix1 foreign key (STOCKITEM_ID) references STOCKITEM
alter table SOLDITEM_TO_ORDER add constraint FK4y0u0hha7cb29qnhcwwbbpr23 foreign key (ORDER_ID) references PURCHASE
alter table SOLDITEM_TO_ORDER add constraint FK6enawylv50wt4kank6rgmia71 foreign key (SOLDITEM_ID) references SOLDITEM
/*C4*/DISCONNECT
/*C3*/DISCONNECT
/*C5*/DISCONNECT
/*C6*/SET SCHEMA PUBLIC
alter table SOLDITEM drop constraint FK8ptlhrwxd3u5ep0msdt85aix1
alter table SOLDITEM_TO_ORDER drop constraint FK4y0u0hha7cb29qnhcwwbbpr23
alter table SOLDITEM_TO_ORDER drop constraint FK6enawylv50wt4kank6rgmia71
drop table PURCHASE if exists
drop table SOLDITEM if exists
drop table SOLDITEM_TO_ORDER if exists
drop table STOCKITEM if exists
create table PURCHASE (id bigint generated by default as identity (start with 1), DATE varchar(255), TIME varchar(255), TOTAL double, primary key (id))
create table SOLDITEM (id bigint generated by default as identity (start with 1), SOLDITEM_NAME varchar(255), SOLDITEM_PRICE double, SOLDITEM_QUANTITY integer, SOLDITEM_SUM double, STOCKITEM_ID bigint not null, primary key (id))
create table SOLDITEM_TO_ORDER (SOLDITEM_ID bigint not null, ORDER_ID bigint not null, primary key (SOLDITEM_ID, ORDER_ID))
create table STOCKITEM (id bigint generated by default as identity (start with 1), STOCKITEM_DESCRIPTION varchar(255), STOCKITEM_NAME varchar(255), STOCKITEM_PRICE double, STOCKITEM_QUANTITY integer, primary key (id))
alter table SOLDITEM add constraint FK8ptlhrwxd3u5ep0msdt85aix1 foreign key (STOCKITEM_ID) references STOCKITEM
alter table SOLDITEM_TO_ORDER add constraint FK4y0u0hha7cb29qnhcwwbbpr23 foreign key (ORDER_ID) references PURCHASE
alter table SOLDITEM_TO_ORDER add constraint FK6enawylv50wt4kank6rgmia71 foreign key (SOLDITEM_ID) references SOLDITEM
DISCONNECT
/*C7*/SET SCHEMA PUBLIC
alter table SOLDITEM drop constraint FK8ptlhrwxd3u5ep0msdt85aix1
alter table SOLDITEM_TO_ORDER drop constraint FK4y0u0hha7cb29qnhcwwbbpr23
alter table SOLDITEM_TO_ORDER drop constraint FK6enawylv50wt4kank6rgmia71
drop table PURCHASE if exists
drop table SOLDITEM if exists
drop table SOLDITEM_TO_ORDER if exists
drop table STOCKITEM if exists
create table PURCHASE (id bigint generated by default as identity (start with 1), DATE varchar(255), TIME varchar(255), TOTAL double, primary key (id))
create table SOLDITEM (id bigint generated by default as identity (start with 1), SOLDITEM_NAME varchar(255), SOLDITEM_PRICE double, SOLDITEM_QUANTITY integer, SOLDITEM_SUM double, STOCKITEM_ID bigint not null, primary key (id))
create table SOLDITEM_TO_ORDER (SOLDITEM_ID bigint not null, ORDER_ID bigint not null, primary key (SOLDITEM_ID, ORDER_ID))
create table STOCKITEM (id bigint generated by default as identity (start with 1), STOCKITEM_DESCRIPTION varchar(255), STOCKITEM_NAME varchar(255), STOCKITEM_PRICE double, STOCKITEM_QUANTITY integer, primary key (id))
alter table SOLDITEM add constraint FK8ptlhrwxd3u5ep0msdt85aix1 foreign key (STOCKITEM_ID) references STOCKITEM
alter table SOLDITEM_TO_ORDER add constraint FK4y0u0hha7cb29qnhcwwbbpr23 foreign key (ORDER_ID) references PURCHASE
alter table SOLDITEM_TO_ORDER add constraint FK6enawylv50wt4kank6rgmia71 foreign key (SOLDITEM_ID) references SOLDITEM
DISCONNECT
/*C8*/SET SCHEMA PUBLIC
alter table SOLDITEM drop constraint FK8ptlhrwxd3u5ep0msdt85aix1
alter table SOLDITEM_TO_ORDER drop constraint FK4y0u0hha7cb29qnhcwwbbpr23
alter table SOLDITEM_TO_ORDER drop constraint FK6enawylv50wt4kank6rgmia71
drop table PURCHASE if exists
drop table SOLDITEM if exists
drop table SOLDITEM_TO_ORDER if exists
drop table STOCKITEM if exists
create table PURCHASE (id bigint generated by default as identity (start with 1), DATE varchar(255), TIME varchar(255), TOTAL double, primary key (id))
create table SOLDITEM (id bigint generated by default as identity (start with 1), SOLDITEM_NAME varchar(255), SOLDITEM_PRICE double, SOLDITEM_QUANTITY integer, SOLDITEM_SUM double, STOCKITEM_ID bigint not null, primary key (id))
create table SOLDITEM_TO_ORDER (SOLDITEM_ID bigint not null, ORDER_ID bigint not null, primary key (SOLDITEM_ID, ORDER_ID))
create table STOCKITEM (id bigint generated by default as identity (start with 1), STOCKITEM_DESCRIPTION varchar(255), STOCKITEM_NAME varchar(255), STOCKITEM_PRICE double, STOCKITEM_QUANTITY integer, primary key (id))
alter table SOLDITEM add constraint FK8ptlhrwxd3u5ep0msdt85aix1 foreign key (STOCKITEM_ID) references STOCKITEM
alter table SOLDITEM_TO_ORDER add constraint FK4y0u0hha7cb29qnhcwwbbpr23 foreign key (ORDER_ID) references PURCHASE
alter table SOLDITEM_TO_ORDER add constraint FK6enawylv50wt4kank6rgmia71 foreign key (SOLDITEM_ID) references SOLDITEM
DISCONNECT
/*C9*/SET SCHEMA PUBLIC
alter table SOLDITEM drop constraint FK8ptlhrwxd3u5ep0msdt85aix1
alter table SOLDITEM_TO_ORDER drop constraint FK4y0u0hha7cb29qnhcwwbbpr23
alter table SOLDITEM_TO_ORDER drop constraint FK6enawylv50wt4kank6rgmia71
drop table PURCHASE if exists
drop table SOLDITEM if exists
drop table SOLDITEM_TO_ORDER if exists
drop table STOCKITEM if exists
create table PURCHASE (id bigint generated by default as identity (start with 1), DATE varchar(255), TIME varchar(255), TOTAL double, primary key (id))
create table SOLDITEM (id bigint generated by default as identity (start with 1), SOLDITEM_NAME varchar(255), SOLDITEM_PRICE double, SOLDITEM_QUANTITY integer, SOLDITEM_SUM double, STOCKITEM_ID bigint not null, primary key (id))
create table SOLDITEM_TO_ORDER (SOLDITEM_ID bigint not null, ORDER_ID bigint not null, primary key (SOLDITEM_ID, ORDER_ID))
create table STOCKITEM (id bigint generated by default as identity (start with 1), STOCKITEM_DESCRIPTION varchar(255), STOCKITEM_NAME varchar(255), STOCKITEM_PRICE double, STOCKITEM_QUANTITY integer, primary key (id))
alter table SOLDITEM add constraint FK8ptlhrwxd3u5ep0msdt85aix1 foreign key (STOCKITEM_ID) references STOCKITEM
alter table SOLDITEM_TO_ORDER add constraint FK4y0u0hha7cb29qnhcwwbbpr23 foreign key (ORDER_ID) references PURCHASE
alter table SOLDITEM_TO_ORDER add constraint FK6enawylv50wt4kank6rgmia71 foreign key (SOLDITEM_ID) references SOLDITEM
DISCONNECT
/*C10*/SET SCHEMA PUBLIC
alter table SOLDITEM drop constraint FK8ptlhrwxd3u5ep0msdt85aix1
alter table SOLDITEM_TO_ORDER drop constraint FK4y0u0hha7cb29qnhcwwbbpr23
alter table SOLDITEM_TO_ORDER drop constraint FK6enawylv50wt4kank6rgmia71
drop table PURCHASE if exists
drop table SOLDITEM if exists
drop table SOLDITEM_TO_ORDER if exists
drop table STOCKITEM if exists
create table PURCHASE (id bigint generated by default as identity (start with 1), DATE varchar(255), TIME varchar(255), TOTAL double, primary key (id))
create table SOLDITEM (id bigint generated by default as identity (start with 1), SOLDITEM_NAME varchar(255), SOLDITEM_PRICE double, SOLDITEM_QUANTITY integer, SOLDITEM_SUM double, STOCKITEM_ID bigint not null, primary key (id))
create table SOLDITEM_TO_ORDER (SOLDITEM_ID bigint not null, ORDER_ID bigint not null, primary key (SOLDITEM_ID, ORDER_ID))
create table STOCKITEM (id bigint generated by default as identity (start with 1), STOCKITEM_DESCRIPTION varchar(255), STOCKITEM_NAME varchar(255), STOCKITEM_PRICE double, STOCKITEM_QUANTITY integer, primary key (id))
alter table SOLDITEM add constraint FK8ptlhrwxd3u5ep0msdt85aix1 foreign key (STOCKITEM_ID) references STOCKITEM
alter table SOLDITEM_TO_ORDER add constraint FK4y0u0hha7cb29qnhcwwbbpr23 foreign key (ORDER_ID) references PURCHASE
alter table SOLDITEM_TO_ORDER add constraint FK6enawylv50wt4kank6rgmia71 foreign key (SOLDITEM_ID) references SOLDITEM
DISCONNECT
/*C11*/SET SCHEMA PUBLIC
alter table SOLDITEM drop constraint FK8ptlhrwxd3u5ep0msdt85aix1
alter table SOLDITEM_TO_ORDER drop constraint FK4y0u0hha7cb29qnhcwwbbpr23
alter table SOLDITEM_TO_ORDER drop constraint FK6enawylv50wt4kank6rgmia71
drop table PURCHASE if exists
drop table SOLDITEM if exists
drop table SOLDITEM_TO_ORDER if exists
drop table STOCKITEM if exists
create table PURCHASE (id bigint generated by default as identity (start with 1), DATE varchar(255), TIME varchar(255), TOTAL double, primary key (id))
create table SOLDITEM (id bigint generated by default as identity (start with 1), SOLDITEM_NAME varchar(255), SOLDITEM_PRICE double, SOLDITEM_QUANTITY integer, SOLDITEM_SUM double, STOCKITEM_ID bigint not null, primary key (id))
create table SOLDITEM_TO_ORDER (SOLDITEM_ID bigint not null, ORDER_ID bigint not null, primary key (SOLDITEM_ID, ORDER_ID))
create table STOCKITEM (id bigint generated by default as identity (start with 1), STOCKITEM_DESCRIPTION varchar(255), STOCKITEM_NAME varchar(255), STOCKITEM_PRICE double, STOCKITEM_QUANTITY integer, primary key (id))
alter table SOLDITEM add constraint FK8ptlhrwxd3u5ep0msdt85aix1 foreign key (STOCKITEM_ID) references STOCKITEM
alter table SOLDITEM_TO_ORDER add constraint FK4y0u0hha7cb29qnhcwwbbpr23 foreign key (ORDER_ID) references PURCHASE
alter table SOLDITEM_TO_ORDER add constraint FK6enawylv50wt4kank6rgmia71 foreign key (SOLDITEM_ID) references SOLDITEM
DISCONNECT
/*C12*/SET SCHEMA PUBLIC
alter table SOLDITEM drop constraint FK8ptlhrwxd3u5ep0msdt85aix1
alter table SOLDITEM_TO_ORDER drop constraint FK4y0u0hha7cb29qnhcwwbbpr23
alter table SOLDITEM_TO_ORDER drop constraint FK6enawylv50wt4kank6rgmia71
drop table PURCHASE if exists
drop table SOLDITEM if exists
drop table SOLDITEM_TO_ORDER if exists
drop table STOCKITEM if exists
create table PURCHASE (id bigint generated by default as identity (start with 1), DATE varchar(255), TIME varchar(255), TOTAL double, primary key (id))
create table SOLDITEM (id bigint generated by default as identity (start with 1), SOLDITEM_NAME varchar(255), SOLDITEM_PRICE double, SOLDITEM_QUANTITY integer, SOLDITEM_SUM double, STOCKITEM_ID bigint not null, primary key (id))
create table SOLDITEM_TO_ORDER (SOLDITEM_ID bigint not null, ORDER_ID bigint not null, primary key (SOLDITEM_ID, ORDER_ID))
create table STOCKITEM (id bigint generated by default as identity (start with 1), STOCKITEM_DESCRIPTION varchar(255), STOCKITEM_NAME varchar(255), STOCKITEM_PRICE double, STOCKITEM_QUANTITY integer, primary key (id))
alter table SOLDITEM add constraint FK8ptlhrwxd3u5ep0msdt85aix1 foreign key (STOCKITEM_ID) references STOCKITEM
alter table SOLDITEM_TO_ORDER add constraint FK4y0u0hha7cb29qnhcwwbbpr23 foreign key (ORDER_ID) references PURCHASE
alter table SOLDITEM_TO_ORDER add constraint FK6enawylv50wt4kank6rgmia71 foreign key (SOLDITEM_ID) references SOLDITEM
DISCONNECT
